  cwStrategyDemo.cpp
D:\Users\13191\source\repos\shibusama\PandoraTrader\PandoraStrategy\cwStrategyDemo.cpp(241,15): warning C4838: 从“double”转换到“char”需要收缩转换
D:\Users\13191\source\repos\shibusama\PandoraTrader\PandoraStrategy\cwStrategyDemo.cpp(241,15): warning C4244: “初始化”: 从“double”转换到“char”，可能丢失数据
D:\Users\13191\source\repos\shibusama\PandoraTrader\PandoraStrategy\cwStrategyDemo.cpp(242,15): warning C4838: 从“double”转换到“char”需要收缩转换
D:\Users\13191\source\repos\shibusama\PandoraTrader\PandoraStrategy\cwStrategyDemo.cpp(242,15): warning C4244: “初始化”: 从“double”转换到“char”，可能丢失数据
D:\Users\13191\source\repos\shibusama\PandoraTrader\PandoraStrategy\cwStrategyDemo.cpp(642,32): warning C4101: “e”: 未引用的局部变量
D:\Users\13191\source\repos\shibusama\PandoraTrader\PandoraStrategy\cwStrategyDemo.cpp(663,32): warning C4101: “e”: 未引用的局部变量
D:\Program Files\Microsoft Visual Studio\2022\Community\VC\Tools\MSVC\14.43.34808\include\xhash(125,62): error C2064: 项不会计算为接受 1 个参数的函数
  (编译源文件“cwStrategyDemo.cpp”)
      D:\Program Files\Microsoft Visual Studio\2022\Community\VC\Tools\MSVC\14.43.34808\include\xhash(125,62):
      模板实例化上下文(最早的实例化上下文)为
          D:\Users\13191\source\repos\shibusama\PandoraTrader\PandoraStrategy\cwStrategyDemo.cpp(62,44):
          查看对正在编译的 类 模板 实例化“std::unordered_map<cwFtdcInstrumentIDType,cwMarketDataPtr,std::hash<cwFtdcInstrumentIDType>,std::equal_to<cwFtdcInstrumentIDType>,std::allocator<std::pair<const cwFtdcInstrumentIDType,cwMarketDataPtr>>>”的引用
          D:\Program Files\Microsoft Visual Studio\2022\Community\VC\Tools\MSVC\14.43.34808\include\unordered_map(436,29):
          在编译 类 模板 成员函数“std::shared_ptr<cwFtdcDepthMarketDataField> &std::unordered_map<cwFtdcInstrumentIDType,cwMarketDataPtr,std::hash<cwFtdcInstrumentIDType>,std::equal_to<cwFtdcInstrumentIDType>,std::allocator<std::pair<const cwFtdcInstrumentIDType,cwMarketDataPtr>>>::at(const char (&)[82])”时
              D:\Users\13191\source\repos\shibusama\PandoraTrader\PandoraStrategy\cwStrategyDemo.cpp(433,27):
              请参阅 "cwStrategyDemo::StrategyTick" 中对 "std::unordered_map<cwFtdcInstrumentIDType,cwMarketDataPtr,std::hash<cwFtdcInstrumentIDType>,std::equal_to<cwFtdcInstrumentIDType>,std::allocator<std::pair<const cwFtdcInstrumentIDType,cwMarketDataPtr>>>::at" 的第一个引用
          D:\Program Files\Microsoft Visual Studio\2022\Community\VC\Tools\MSVC\14.43.34808\include\unordered_map(437,60):
          在编译 类 模板 成员函数“size_t std::_Uhash_compare<_Kty,_Hasher,_Keyeq>::operator ()<char[82]>(const _Keyty (&)) noexcept(<expr>) const”时
          with
          [
              _Kty=cwFtdcInstrumentIDType,
              _Hasher=std::hash<cwFtdcInstrumentIDType>,
              _Keyeq=std::equal_to<cwFtdcInstrumentIDType>,
              _Keyty=char [82]
          ]
          D:\Program Files\Microsoft Visual Studio\2022\Community\VC\Tools\MSVC\14.43.34808\include\xhash(148,72):
          查看指向正在编译的变量模板“const bool _Nothrow_hash<std::hash<char [82]>,char [82]>”的引用
  
D:\Program Files\Microsoft Visual Studio\2022\Community\VC\Tools\MSVC\14.43.34808\include\xhash(125,5): error C2056: 非法表达式
  (编译源文件“cwStrategyDemo.cpp”)
  
